
Iniciando scrapping .... esperar 

Numero de grupos: 2

Numero de iniciativas del grupo 1: 2



########################## 
Existente - es identica a: Que adiciona el capítulo VIII al título VII de la Ley del Impuesto sobre la Renta, en materia de deducción inmediata de activos fijos.
El registro (ID) con el cual es identica es: 5
########################## 



########################## 
Existente - es identica a: Que adiciona un capítulo VI denominado "Del procedimiento al resultado vinculante de la consulta popular" y el artículo 234 Bis al Título Sexto del Reglamento de la Cámara de Diputados.
El registro (ID) con el cual es identica es: 6
########################## 



 ......................................................... 

Numero de iniciativas del grupo 2: 15



########################## 
Existente - es identica a: Que reforma el primer párrafo del artículo 68 de la Ley General de Pesca y Acuacultura Sustentables.
El registro (ID) con el cual es identica es: 7
########################## 



########################## 
Existente - es identica a: Que reforma el artículo 25 de la Ley General de Prestación de Servicios para la Atención, Cuidado y Desarrollo Integral Infantil.
El registro (ID) con el cual es identica es: 8
########################## 



########################## 
Existente - es identica a: Que reforma y adiciona diversas disposiciones de la Ley de Planeación.
El registro (ID) con el cual es identica es: 9
########################## 



##########################
 1.- Iniciativa Guardada: Que reforma el artículo 33 de la Ley General de Educación, para que las autoridades educativas impartan cursos básicos de computación y manejo de internet dirigidos a padres y madres de familia de alumnos de educación básica que vivan en localidades con mayor rezago educativo o que enfrenten condiciones económicas y sociales de desventaja.
El ID de esta iniciativa es: 10
**** No hay votación ****
##########################



##########################
 2.- Iniciativa Guardada: Que reforma el artículo 90 de la Constitución Política de los Estados Unidos Mexicanos, para lograr obtener en el gabinete federal una cuota de género que permita la paridad.
El ID de esta iniciativa es: 11
**** No hay votación ****
##########################



##########################
 3.- Iniciativa Guardada: Que reforma el artículo 151 de la Ley del Impuesto sobre la Renta, a fin de hacer deducibles los gastos por concepto de medicamentos.
El ID de esta iniciativa es: 12
**** No hay votación ****
##########################



##########################
 4.- Iniciativa Guardada: Que reforma el artículo 22 de la Ley del Fondo Mexicano del Petróleo para la Estabilización y el Desarrollo, sobre la designación del auditor externo del Fondo Mexicano del Petróleo para la Establización y el Desarrollo.
El ID de esta iniciativa es: 13
**** No hay votación ****
##########################



##########################
 5.- Iniciativa Guardada: Que expide la Ley Federal de Gobierno de Coalición, Reglamentaria de los Artículos 76 y 89 de la Constitución Política de los Estados Unidos Mexicanos.
El ID de esta iniciativa es: 14
**** No hay votación ****
##########################



##########################
 6.- Iniciativa Guardada: Que reforma los artículos 116 y 122 de la Constitución Política de los Estados Unidos Mexicanos, en materia de régimen político y gobiernos de coalición en las entidades federativas.
El ID de esta iniciativa es: 15
**** No hay votación ****
##########################



##########################
 7.- Iniciativa Guardada: Que adiciona diversas disposiciones del Reglamento de la Cámara de Diputados, en materia de iniciativa ciudadana.
El ID de esta iniciativa es: 16
**** No hay votación ****
##########################



##########################
 8.- Iniciativa Guardada: Que reforma y adiciona diversas disposiciones del Reglamento de la Cámara de Diputados, en materia de conflicto de intereses de los legisladores.
El ID de esta iniciativa es: 17
**** No hay votación ****
##########################



##########################
 9.- Iniciativa Guardada: Que reforma, adiciona y deroga diversas disposiciones de las Leyes Federal de Justicia para Adolescentes, Orgánica del Poder Judicial de la Federación, Orgánica de la Procuraduría General de la República, y Federal de Defensoría Pública.
El ID de esta iniciativa es: 18
**** No hay votación ****
##########################



##########################
 10.- Iniciativa Guardada: Que reforma y adiciona diversas disposiciones del Código Civil Federal y de la Ley Federal del Derecho de Autor, a fin de proteger a los niños que trabajan en el ámbito artístico de que sus padres o tutores hagan mal uso de sus ganancias.
El ID de esta iniciativa es: 19
**** No hay votación ****
##########################



 ......................................................... 



 El scrapping ha terminado, total de iniciativas guardadas: 10 - Revisa la base de datos #MezcalSinControl :) 

